(0000) 3000  0011000000000000 (   8)                 .ORIG x3000
(3000) 489A  0100100010011010 (  13)                 JSR   DISPLAY_BOARD
(3001) 49FC  0100100111111100 (  14) PROMPT          JSR   DISPLAY_PROMPT
(3002) F020  1111000000100000 (  15)                 TRAP  x20
(3003) F021  1111000000100001 (  16)                 TRAP  x21
(3004) 261D  0010011000011101 (  17)                 LD    R3 ASCII_Q_COMPLEMENT
(3005) 1603  0001011000000011 (  18)                 ADD   R3 R0 R3
(3006) 0418  0000010000011000 (  19)                 BRZ   EXIT
(3007) 1220  0001001000100000 (  20)                 ADD   R1 R0 #0
(3008) F020  1111000000100000 (  21)                 TRAP  x20
(3009) F021  1111000000100001 (  22)                 TRAP  x21
(300A) 4A99  0100101010011001 (  23)                 JSR   IS_INPUT_VALID
(300B) 4A8E  0100101010001110 (  24)                 JSR   TRANSLATE_MOVE
(300C) 16E0  0001011011100000 (  25)                 ADD   R3 R3 #0
(300D) 0403  0000010000000011 (  26)                 BRZ   VALID_MOVE
(300E) E014  1110000000010100 (  27)                 LEA   R0 INVALID_MOVE_STRING
(300F) F022  1111000000100010 (  28)                 TRAP  x22
(3010) 0FF0  0000111111110000 (  29)                 BRNZP PROMPT
(3011) 4A74  0100101001110100 (  30) VALID_MOVE      JSR   IS_OCCUPIED
(3012) 16E0  0001011011100000 (  31)                 ADD   R3 R3 #0
(3013) 0403  0000010000000011 (  32)                 BRZ   UNOCCUPIED
(3014) E030  1110000000110000 (  33)                 LEA   R0 OCCUPIED_STRING
(3015) F022  1111000000100010 (  34)                 TRAP  x22
(3016) 0FEA  0000111111101010 (  35)                 BRNZP PROMPT
(3017) 4A55  0100101001010101 (  36) UNOCCUPIED      JSR   APPLY_MOVE
(3018) 490C  0100100100001100 (  37)                 JSR   BOXES_COMPLETED
(3019) 10E0  0001000011100000 (  38)                 ADD   R0 R3 #0
(301A) 4A1F  0100101000011111 (  39)                 JSR   UPDATE_STATE
(301B) 487F  0100100001111111 (  41)                 JSR   DISPLAY_BOARD
(301C) 499B  0100100110011011 (  42)                 JSR   IS_GAME_OVER
(301D) 16E0  0001011011100000 (  43)                 ADD   R3 R3 #0
(301E) 0BE2  0000101111100010 (  44)                 BRNP  PROMPT
(301F) E05C  1110000001011100 (  45) EXIT            LEA   R0 GOODBYE_STRING
(3020) F022  1111000000100010 (  46)                 TRAP  x22
(3021) F025  1111000000100101 (  47)                 TRAP  x25
(3022) FFAF  1111111110101111 (  49) ASCII_Q_COMPLEMENT .FILL xFFAF
(3023) 000A  0000000000001010 (  50) INVALID_MOVE_STRING .FILL x000A
(3024) 0049  0000000001001001 (  50)                 .FILL x0049
(3025) 006E  0000000001101110 (  50)                 .FILL x006E
(3026) 0076  0000000001110110 (  50)                 .FILL x0076
(3027) 0061  0000000001100001 (  50)                 .FILL x0061
(3028) 006C  0000000001101100 (  50)                 .FILL x006C
(3029) 0069  0000000001101001 (  50)                 .FILL x0069
(302A) 0064  0000000001100100 (  50)                 .FILL x0064
(302B) 0020  0000000000100000 (  50)                 .FILL x0020
(302C) 006D  0000000001101101 (  50)                 .FILL x006D
(302D) 006F  0000000001101111 (  50)                 .FILL x006F
(302E) 0076  0000000001110110 (  50)                 .FILL x0076
(302F) 0065  0000000001100101 (  50)                 .FILL x0065
(3030) 002E  0000000000101110 (  50)                 .FILL x002E
(3031) 0020  0000000000100000 (  50)                 .FILL x0020
(3032) 0050  0000000001010000 (  50)                 .FILL x0050
(3033) 006C  0000000001101100 (  50)                 .FILL x006C
(3034) 0065  0000000001100101 (  50)                 .FILL x0065
(3035) 0061  0000000001100001 (  50)                 .FILL x0061
(3036) 0073  0000000001110011 (  50)                 .FILL x0073
(3037) 0065  0000000001100101 (  50)                 .FILL x0065
(3038) 0020  0000000000100000 (  50)                 .FILL x0020
(3039) 0074  0000000001110100 (  50)                 .FILL x0074
(303A) 0072  0000000001110010 (  50)                 .FILL x0072
(303B) 0079  0000000001111001 (  50)                 .FILL x0079
(303C) 0020  0000000000100000 (  50)                 .FILL x0020
(303D) 0061  0000000001100001 (  50)                 .FILL x0061
(303E) 0067  0000000001100111 (  50)                 .FILL x0067
(303F) 0061  0000000001100001 (  50)                 .FILL x0061
(3040) 0069  0000000001101001 (  50)                 .FILL x0069
(3041) 006E  0000000001101110 (  50)                 .FILL x006E
(3042) 002E  0000000000101110 (  50)                 .FILL x002E
(3043) 000A  0000000000001010 (  50)                 .FILL x000A
(3044) 0000  0000000000000000 (  50)                 .FILL x0000
(3045) 000A  0000000000001010 (  51) OCCUPIED_STRING .FILL x000A
(3046) 0054  0000000001010100 (  51)                 .FILL x0054
(3047) 0068  0000000001101000 (  51)                 .FILL x0068
(3048) 0069  0000000001101001 (  51)                 .FILL x0069
(3049) 0073  0000000001110011 (  51)                 .FILL x0073
(304A) 0020  0000000000100000 (  51)                 .FILL x0020
(304B) 0070  0000000001110000 (  51)                 .FILL x0070
(304C) 006F  0000000001101111 (  51)                 .FILL x006F
(304D) 0073  0000000001110011 (  51)                 .FILL x0073
(304E) 0069  0000000001101001 (  51)                 .FILL x0069
(304F) 0074  0000000001110100 (  51)                 .FILL x0074
(3050) 0069  0000000001101001 (  51)                 .FILL x0069
(3051) 006F  0000000001101111 (  51)                 .FILL x006F
(3052) 006E  0000000001101110 (  51)                 .FILL x006E
(3053) 0020  0000000000100000 (  51)                 .FILL x0020
(3054) 0069  0000000001101001 (  51)                 .FILL x0069
(3055) 0073  0000000001110011 (  51)                 .FILL x0073
(3056) 0020  0000000000100000 (  51)                 .FILL x0020
(3057) 0061  0000000001100001 (  51)                 .FILL x0061
(3058) 006C  0000000001101100 (  51)                 .FILL x006C
(3059) 0072  0000000001110010 (  51)                 .FILL x0072
(305A) 0065  0000000001100101 (  51)                 .FILL x0065
(305B) 0061  0000000001100001 (  51)                 .FILL x0061
(305C) 0064  0000000001100100 (  51)                 .FILL x0064
(305D) 0079  0000000001111001 (  51)                 .FILL x0079
(305E) 0020  0000000000100000 (  51)                 .FILL x0020
(305F) 006F  0000000001101111 (  51)                 .FILL x006F
(3060) 0063  0000000001100011 (  51)                 .FILL x0063
(3061) 0063  0000000001100011 (  51)                 .FILL x0063
(3062) 0075  0000000001110101 (  51)                 .FILL x0075
(3063) 0070  0000000001110000 (  51)                 .FILL x0070
(3064) 0069  0000000001101001 (  51)                 .FILL x0069
(3065) 0065  0000000001100101 (  51)                 .FILL x0065
(3066) 0064  0000000001100100 (  51)                 .FILL x0064
(3067) 002E  0000000000101110 (  51)                 .FILL x002E
(3068) 0020  0000000000100000 (  51)                 .FILL x0020
(3069) 0050  0000000001010000 (  51)                 .FILL x0050
(306A) 006C  0000000001101100 (  51)                 .FILL x006C
(306B) 0065  0000000001100101 (  51)                 .FILL x0065
(306C) 0061  0000000001100001 (  51)                 .FILL x0061
(306D) 0073  0000000001110011 (  51)                 .FILL x0073
(306E) 0065  0000000001100101 (  51)                 .FILL x0065
(306F) 0020  0000000000100000 (  51)                 .FILL x0020
(3070) 0074  0000000001110100 (  51)                 .FILL x0074
(3071) 0072  0000000001110010 (  51)                 .FILL x0072
(3072) 0079  0000000001111001 (  51)                 .FILL x0079
(3073) 0020  0000000000100000 (  51)                 .FILL x0020
(3074) 0061  0000000001100001 (  51)                 .FILL x0061
(3075) 0067  0000000001100111 (  51)                 .FILL x0067
(3076) 0061  0000000001100001 (  51)                 .FILL x0061
(3077) 0069  0000000001101001 (  51)                 .FILL x0069
(3078) 006E  0000000001101110 (  51)                 .FILL x006E
(3079) 002E  0000000000101110 (  51)                 .FILL x002E
(307A) 000A  0000000000001010 (  51)                 .FILL x000A
(307B) 0000  0000000000000000 (  51)                 .FILL x0000
(307C) 000A  0000000000001010 (  52) GOODBYE_STRING  .FILL x000A
(307D) 0054  0000000001010100 (  52)                 .FILL x0054
(307E) 0068  0000000001101000 (  52)                 .FILL x0068
(307F) 0061  0000000001100001 (  52)                 .FILL x0061
(3080) 006E  0000000001101110 (  52)                 .FILL x006E
(3081) 006B  0000000001101011 (  52)                 .FILL x006B
(3082) 0073  0000000001110011 (  52)                 .FILL x0073
(3083) 0020  0000000000100000 (  52)                 .FILL x0020
(3084) 0066  0000000001100110 (  52)                 .FILL x0066
(3085) 006F  0000000001101111 (  52)                 .FILL x006F
(3086) 0072  0000000001110010 (  52)                 .FILL x0072
(3087) 0020  0000000000100000 (  52)                 .FILL x0020
(3088) 0070  0000000001110000 (  52)                 .FILL x0070
(3089) 006C  0000000001101100 (  52)                 .FILL x006C
(308A) 0061  0000000001100001 (  52)                 .FILL x0061
(308B) 0079  0000000001111001 (  52)                 .FILL x0079
(308C) 0069  0000000001101001 (  52)                 .FILL x0069
(308D) 006E  0000000001101110 (  52)                 .FILL x006E
(308E) 0067  0000000001100111 (  52)                 .FILL x0067
(308F) 0021  0000000000100001 (  52)                 .FILL x0021
(3090) 0020  0000000000100000 (  52)                 .FILL x0020
(3091) 0047  0000000001000111 (  52)                 .FILL x0047
(3092) 006F  0000000001101111 (  52)                 .FILL x006F
(3093) 006F  0000000001101111 (  52)                 .FILL x006F
(3094) 0064  0000000001100100 (  52)                 .FILL x0064
(3095) 0062  0000000001100010 (  52)                 .FILL x0062
(3096) 0079  0000000001111001 (  52)                 .FILL x0079
(3097) 0065  0000000001100101 (  52)                 .FILL x0065
(3098) 0021  0000000000100001 (  52)                 .FILL x0021
(3099) 000A  0000000000001010 (  52)                 .FILL x000A
(309A) 0000  0000000000000000 (  52)                 .FILL x0000
(309B) 3020  0011000000100000 (  59) DISPLAY_BOARD   ST    R0 DB_R0
(309C) 3220  0011001000100000 (  60)                 ST    R1 DB_R1
(309D) 3420  0011010000100000 (  61)                 ST    R2 DB_R2
(309E) 3620  0011011000100000 (  62)                 ST    R3 DB_R3
(309F) 3E20  0011111000100000 (  63)                 ST    R7 DB_R7
(30A0) 5260  0101001001100000 (  65)                 AND   R1 R1 #0
(30A1) 1266  0001001001100110 (  66)                 ADD   R1 R1 #6
(30A2) E4DA  1110010011011010 (  67)                 LEA   R2 ROW0
(30A3) E6C2  1110011011000010 (  68)                 LEA   R3 ZERO
(30A4) 20D7  0010000011010111 (  69)                 LD    R0 ASCII_NEWLINE
(30A5) F021  1111000000100001 (  70)                 TRAP  x21
(30A6) F021  1111000000100001 (  71)                 TRAP  x21
(30A7) E0B4  1110000010110100 (  72)                 LEA   R0 COL
(30A8) F022  1111000000100010 (  73)                 TRAP  x22
(30A9) 20D2  0010000011010010 (  74)                 LD    R0 ASCII_NEWLINE
(30AA) F021  1111000000100001 (  75)                 TRAP  x21
(30AB) 10E0  0001000011100000 (  76) DB_ROWOUT       ADD   R0 R3 #0
(30AC) F022  1111000000100010 (  77)                 TRAP  x22
(30AD) 10A0  0001000010100000 (  78)                 ADD   R0 R2 #0
(30AE) F022  1111000000100010 (  79)                 TRAP  x22
(30AF) 20CC  0010000011001100 (  80)                 LD    R0 ASCII_NEWLINE
(30B0) F021  1111000000100001 (  81)                 TRAP  x21
(30B1) 14A8  0001010010101000 (  82)                 ADD   R2 R2 #8
(30B2) 16E3  0001011011100011 (  83)                 ADD   R3 R3 #3
(30B3) 127F  0001001001111111 (  84)                 ADD   R1 R1 #-1
(30B4) 07F6  0000011111110110 (  85)                 BRZP  DB_ROWOUT
(30B5) 480B  0100100000001011 (  86)                 JSR   DISPLAY_SCORE
(30B6) 2005  0010000000000101 (  88)                 LD    R0 DB_R0
(30B7) 2205  0010001000000101 (  89)                 LD    R1 DB_R1
(30B8) 2405  0010010000000101 (  90)                 LD    R2 DB_R2
(30B9) 2605  0010011000000101 (  91)                 LD    R3 DB_R3
(30BA) 2E05  0010111000000101 (  92)                 LD    R7 DB_R7
(30BB) C1C0  1100000111000000 (  93)                 RET   
(30BC) 0000  0000000000000000 (  96) DB_R0           .FILL x0000
(30BD) 0000  0000000000000000 (  97) DB_R1           .FILL x0000
(30BE) 0000  0000000000000000 (  98) DB_R2           .FILL x0000
(30BF) 0000  0000000000000000 (  99) DB_R3           .FILL x0000
(30C0) 0000  0000000000000000 ( 105) DB_R7           .FILL x0000
(30C1) 3012  0011000000010010 ( 105) DISPLAY_SCORE   ST    R0 DS_R0
(30C2) 3E12  0011111000010010 ( 106)                 ST    R7 DS_R7
(30C3) E012  1110000000010010 ( 108)                 LEA   R0 DS_BEGIN_STRING
(30C4) F022  1111000000100010 ( 109)                 TRAP  x22
(30C5) 20F0  0010000011110000 ( 110)                 LD    R0 SCORE_PLAYER_ONE
(30C6) 2EB4  0010111010110100 ( 111)                 LD    R7 ASCII_OFFSET
(30C7) 1007  0001000000000111 ( 112)                 ADD   R0 R0 R7
(30C8) F021  1111000000100001 ( 113)                 TRAP  x21
(30C9) E01D  1110000000011101 ( 114)                 LEA   R0 DS_OTHER_STRING
(30CA) F022  1111000000100010 ( 115)                 TRAP  x22
(30CB) 20EB  0010000011101011 ( 116)                 LD    R0 SCORE_PLAYER_TWO
(30CC) 2EAE  0010111010101110 ( 117)                 LD    R7 ASCII_OFFSET
(30CD) 1007  0001000000000111 ( 118)                 ADD   R0 R0 R7
(30CE) F021  1111000000100001 ( 119)                 TRAP  x21
(30CF) 20AC  0010000010101100 ( 120)                 LD    R0 ASCII_NEWLINE
(30D0) F021  1111000000100001 ( 121)                 TRAP  x21
(30D1) 2002  0010000000000010 ( 123)                 LD    R0 DS_R0
(30D2) 2E02  0010111000000010 ( 124)                 LD    R7 DS_R7
(30D3) C1C0  1100000111000000 ( 125)                 RET   
(30D4) 0000  0000000000000000 ( 128) DS_R0           .FILL x0000
(30D5) 0000  0000000000000000 ( 129) DS_R7           .FILL x0000
(30D6) 0053  0000000001010011 ( 129) DS_BEGIN_STRING .FILL x0053
(30D7) 0043  0000000001000011 ( 129)                 .FILL x0043
(30D8) 004F  0000000001001111 ( 129)                 .FILL x004F
(30D9) 0052  0000000001010010 ( 129)                 .FILL x0052
(30DA) 0045  0000000001000101 ( 129)                 .FILL x0045
(30DB) 0020  0000000000100000 ( 129)                 .FILL x0020
(30DC) 0050  0000000001010000 ( 129)                 .FILL x0050
(30DD) 006C  0000000001101100 ( 129)                 .FILL x006C
(30DE) 0061  0000000001100001 ( 129)                 .FILL x0061
(30DF) 0079  0000000001111001 ( 129)                 .FILL x0079
(30E0) 0065  0000000001100101 ( 129)                 .FILL x0065
(30E1) 0072  0000000001110010 ( 129)                 .FILL x0072
(30E2) 0020  0000000000100000 ( 129)                 .FILL x0020
(30E3) 0031  0000000000110001 ( 129)                 .FILL x0031
(30E4) 003A  0000000000111010 ( 129)                 .FILL x003A
(30E5) 0020  0000000000100000 ( 129)                 .FILL x0020
(30E6) 0000  0000000000000000 ( 129)                 .FILL x0000
(30E7) 0020  0000000000100000 ( 130) DS_OTHER_STRING .FILL x0020
(30E8) 0050  0000000001010000 ( 130)                 .FILL x0050
(30E9) 006C  0000000001101100 ( 130)                 .FILL x006C
(30EA) 0061  0000000001100001 ( 130)                 .FILL x0061
(30EB) 0079  0000000001111001 ( 130)                 .FILL x0079
(30EC) 0065  0000000001100101 ( 130)                 .FILL x0065
(30ED) 0072  0000000001110010 ( 130)                 .FILL x0072
(30EE) 0020  0000000000100000 ( 130)                 .FILL x0020
(30EF) 0032  0000000000110010 ( 130)                 .FILL x0032
(30F0) 003A  0000000000111010 ( 130)                 .FILL x003A
(30F1) 0020  0000000000100000 ( 130)                 .FILL x0020
(30F2) 0000  0000000000000000 ( 130)                 .FILL x0000
(30F3) 302C  0011000000101100 ( 142) IS_BOX_COMPLETE ST    R0 IBC_R0
(30F4) 322C  0011001000101100 ( 143)                 ST    R1 IBC_R1
(30F5) 342C  0011010000101100 ( 144)                 ST    R2 IBC_R2
(30F6) 382C  0011100000101100 ( 145)                 ST    R4 IBC_R4
(30F7) 3E2C  0011111000101100 ( 146)                 ST    R7 IBC_R7
(30F8) 103F  0001000000111111 ( 148)                 ADD   R0 R0 #-1
(30F9) 4853  0100100001010011 ( 149)                 JSR   BOUNDS_CHECK
(30FA) 16E0  0001011011100000 ( 150)                 ADD   R3 R3 #0
(30FB) 0A1C  0000101000011100 ( 151)                 BRNP  IBC_NON_COMPLETE
(30FC) 4989  0100100110001001 ( 152)                 JSR   IS_OCCUPIED
(30FD) 16E0  0001011011100000 ( 153)                 ADD   R3 R3 #0
(30FE) 0419  0000010000011001 ( 154)                 BRZ   IBC_NON_COMPLETE
(30FF) 1022  0001000000100010 ( 156)                 ADD   R0 R0 #2
(3100) 484C  0100100001001100 ( 157)                 JSR   BOUNDS_CHECK
(3101) 16E0  0001011011100000 ( 158)                 ADD   R3 R3 #0
(3102) 0A15  0000101000010101 ( 159)                 BRNP  IBC_NON_COMPLETE
(3103) 4982  0100100110000010 ( 160)                 JSR   IS_OCCUPIED
(3104) 16E0  0001011011100000 ( 161)                 ADD   R3 R3 #0
(3105) 0412  0000010000010010 ( 162)                 BRZ   IBC_NON_COMPLETE
(3106) 103F  0001000000111111 ( 164)                 ADD   R0 R0 #-1
(3107) 127F  0001001001111111 ( 165)                 ADD   R1 R1 #-1
(3108) 4844  0100100001000100 ( 166)                 JSR   BOUNDS_CHECK
(3109) 16E0  0001011011100000 ( 167)                 ADD   R3 R3 #0
(310A) 0A0D  0000101000001101 ( 168)                 BRNP  IBC_NON_COMPLETE
(310B) 497A  0100100101111010 ( 169)                 JSR   IS_OCCUPIED
(310C) 16E0  0001011011100000 ( 170)                 ADD   R3 R3 #0
(310D) 040A  0000010000001010 ( 171)                 BRZ   IBC_NON_COMPLETE
(310E) 1262  0001001001100010 ( 173)                 ADD   R1 R1 #2
(310F) 483D  0100100000111101 ( 174)                 JSR   BOUNDS_CHECK
(3110) 16E0  0001011011100000 ( 175)                 ADD   R3 R3 #0
(3111) 0A06  0000101000000110 ( 176)                 BRNP  IBC_NON_COMPLETE
(3112) 4973  0100100101110011 ( 177)                 JSR   IS_OCCUPIED
(3113) 16E0  0001011011100000 ( 178)                 ADD   R3 R3 #0
(3114) 0403  0000010000000011 ( 179)                 BRZ   IBC_NON_COMPLETE
(3115) 127F  0001001001111111 ( 181)                 ADD   R1 R1 #-1
(3116) 56E0  0101011011100000 ( 183)                 AND   R3 R3 #0
(3117) 0E02  0000111000000010 ( 184)                 BRNZP IBC_EXIT
(3118) 56E0  0101011011100000 ( 186) IBC_NON_COMPLETE AND   R3 R3 #0
(3119) 16FF  0001011011111111 ( 187)                 ADD   R3 R3 #-1
(311A) 2005  0010000000000101 ( 189) IBC_EXIT        LD    R0 IBC_R0
(311B) 2205  0010001000000101 ( 190)                 LD    R1 IBC_R1
(311C) 2405  0010010000000101 ( 191)                 LD    R2 IBC_R2
(311D) 2805  0010100000000101 ( 192)                 LD    R4 IBC_R4
(311E) 2E05  0010111000000101 ( 193)                 LD    R7 IBC_R7
(311F) C1C0  1100000111000000 ( 194)                 RET   
(3120) 0000  0000000000000000 ( 197) IBC_R0          .FILL x0000
(3121) 0000  0000000000000000 ( 198) IBC_R1          .FILL x0000
(3122) 0000  0000000000000000 ( 199) IBC_R2          .FILL x0000
(3123) 0000  0000000000000000 ( 200) IBC_R4          .FILL x0000
(3124) 0000  0000000000000000 ( 211) IBC_R7          .FILL x0000
(3125) 3E25  0011111000100101 ( 211) BOXES_COMPLETED ST    R7 BC1_R7
(3126) 3825  0011100000100101 ( 212)                 ST    R4 BC1_R4
(3127) 4926  0100100100100110 ( 214)                 JSR   GET_ADDRESS
(3128) 5861  0101100001100001 ( 215)                 AND   R4 R1 #1
(3129) 040F  0000010000001111 ( 216)                 BRZ   BC1_VERTICAL
(312A) 5920  0101100100100000 ( 218)                 AND   R4 R4 #0
(312B) 103F  0001000000111111 ( 219)                 ADD   R0 R0 #-1
(312C) 4FC6  0100111111000110 ( 220)                 JSR   IS_BOX_COMPLETE
(312D) 16E0  0001011011100000 ( 221)                 ADD   R3 R3 #0
(312E) 0A02  0000101000000010 ( 222)                 BRNP  BC1_SKIP1
(312F) 1921  0001100100100001 ( 223)                 ADD   R4 R4 #1
(3130) 4929  0100100100101001 ( 224)                 JSR   FILL_BOX
(3131) 1022  0001000000100010 ( 225) BC1_SKIP1       ADD   R0 R0 #2
(3132) 4FC0  0100111111000000 ( 226)                 JSR   IS_BOX_COMPLETE
(3133) 16E0  0001011011100000 ( 227)                 ADD   R3 R3 #0
(3134) 0A02  0000101000000010 ( 228)                 BRNP  BC1_SKIP2
(3135) 1921  0001100100100001 ( 229)                 ADD   R4 R4 #1
(3136) 4923  0100100100100011 ( 230)                 JSR   FILL_BOX
(3137) 103F  0001000000111111 ( 231) BC1_SKIP2       ADD   R0 R0 #-1
(3138) 0E0E  0000111000001110 ( 232)                 BRNZP BC1_EXIT
(3139) 5920  0101100100100000 ( 234) BC1_VERTICAL    AND   R4 R4 #0
(313A) 127F  0001001001111111 ( 235)                 ADD   R1 R1 #-1
(313B) 4FB7  0100111110110111 ( 236)                 JSR   IS_BOX_COMPLETE
(313C) 16E0  0001011011100000 ( 237)                 ADD   R3 R3 #0
(313D) 0A02  0000101000000010 ( 238)                 BRNP  BC1_SKIP3
(313E) 1921  0001100100100001 ( 239)                 ADD   R4 R4 #1
(313F) 491A  0100100100011010 ( 240)                 JSR   FILL_BOX
(3140) 1262  0001001001100010 ( 241) BC1_SKIP3       ADD   R1 R1 #2
(3141) 4FB1  0100111110110001 ( 242)                 JSR   IS_BOX_COMPLETE
(3142) 16E0  0001011011100000 ( 243)                 ADD   R3 R3 #0
(3143) 0A02  0000101000000010 ( 244)                 BRNP  BC1_SKIP4
(3144) 1921  0001100100100001 ( 245)                 ADD   R4 R4 #1
(3145) 4914  0100100100010100 ( 246)                 JSR   FILL_BOX
(3146) 127F  0001001001111111 ( 247) BC1_SKIP4       ADD   R1 R1 #-1
(3147) 1720  0001011100100000 ( 249) BC1_EXIT        ADD   R3 R4 #0
(3148) 2E02  0010111000000010 ( 250)                 LD    R7 BC1_R7
(3149) 2802  0010100000000010 ( 251)                 LD    R4 BC1_R4
(314A) C1C0  1100000111000000 ( 252)                 RET   
(314B) 0000  0000000000000000 ( 255) BC1_R7          .FILL x0000
(314C) 0000  0000000000000000 ( 264) BC1_R4          .FILL x0000
(314D) 1260  0001001001100000 ( 264) BOUNDS_CHECK    ADD   R1 R1 #0
(314E) 0808  0000100000001000 ( 265)                 BRN   BC_HUGE_ERROR
(314F) 167A  0001011001111010 ( 266)                 ADD   R3 R1 #-6
(3150) 0206  0000001000000110 ( 267)                 BRP   BC_HUGE_ERROR
(3151) 1020  0001000000100000 ( 269)                 ADD   R0 R0 #0
(3152) 0804  0000100000000100 ( 270)                 BRN   BC_HUGE_ERROR
(3153) 163A  0001011000111010 ( 271)                 ADD   R3 R0 #-6
(3154) 0202  0000001000000010 ( 272)                 BRP   BC_HUGE_ERROR
(3155) 56E0  0101011011100000 ( 274)                 AND   R3 R3 #0
(3156) 0E02  0000111000000010 ( 275)                 BRNZP BC_DONE
(3157) 56E0  0101011011100000 ( 276) BC_HUGE_ERROR   AND   R3 R3 #0
(3158) 16FF  0001011011111111 ( 277)                 ADD   R3 R3 #-1
(3159) C1C0  1100000111000000 ( 279) BC_DONE         RET   
(315A) FFBF  1111111110111111 ( 281) BC_NEGA         .FILL xFFBF
(315B) FFD0  1111111111010000 ( 282) BC_NEGZERO      .FILL xFFD0
(315C) 0020  0000000000100000 ( 288) COL             .FILL x0020
(315D) 0020  0000000000100000 ( 288)                 .FILL x0020
(315E) 0041  0000000001000001 ( 288)                 .FILL x0041
(315F) 0042  0000000001000010 ( 288)                 .FILL x0042
(3160) 0043  0000000001000011 ( 288)                 .FILL x0043
(3161) 0044  0000000001000100 ( 288)                 .FILL x0044
(3162) 0045  0000000001000101 ( 288)                 .FILL x0045
(3163) 0046  0000000001000110 ( 288)                 .FILL x0046
(3164) 0047  0000000001000111 ( 288)                 .FILL x0047
(3165) 0000  0000000000000000 ( 288)                 .FILL x0000
(3166) 0030  0000000000110000 ( 289) ZERO            .FILL x0030
(3167) 0020  0000000000100000 ( 289)                 .FILL x0020
(3168) 0000  0000000000000000 ( 289)                 .FILL x0000
(3169) 0031  0000000000110001 ( 290) ONE             .FILL x0031
(316A) 0020  0000000000100000 ( 290)                 .FILL x0020
(316B) 0000  0000000000000000 ( 290)                 .FILL x0000
(316C) 0032  0000000000110010 ( 291) TWO             .FILL x0032
(316D) 0020  0000000000100000 ( 291)                 .FILL x0020
(316E) 0000  0000000000000000 ( 291)                 .FILL x0000
(316F) 0033  0000000000110011 ( 292) THREE           .FILL x0033
(3170) 0020  0000000000100000 ( 292)                 .FILL x0020
(3171) 0000  0000000000000000 ( 292)                 .FILL x0000
(3172) 0034  0000000000110100 ( 293) FOUR            .FILL x0034
(3173) 0020  0000000000100000 ( 293)                 .FILL x0020
(3174) 0000  0000000000000000 ( 293)                 .FILL x0000
(3175) 0035  0000000000110101 ( 294) FIVE            .FILL x0035
(3176) 0020  0000000000100000 ( 294)                 .FILL x0020
(3177) 0000  0000000000000000 ( 294)                 .FILL x0000
(3178) 0036  0000000000110110 ( 295) SIX             .FILL x0036
(3179) 0020  0000000000100000 ( 295)                 .FILL x0020
(317A) 0000  0000000000000000 ( 295)                 .FILL x0000
(317B) 0030  0000000000110000 ( 296) ASCII_OFFSET    .FILL x0030
(317C) 000A  0000000000001010 ( 297) ASCII_NEWLINE   .FILL x000A
(317D) 002A  0000000000101010 ( 302) ROW0            .FILL x002A
(317E) 0020  0000000000100000 ( 302)                 .FILL x0020
(317F) 002A  0000000000101010 ( 302)                 .FILL x002A
(3180) 0020  0000000000100000 ( 302)                 .FILL x0020
(3181) 002A  0000000000101010 ( 302)                 .FILL x002A
(3182) 0020  0000000000100000 ( 302)                 .FILL x0020
(3183) 002A  0000000000101010 ( 302)                 .FILL x002A
(3184) 0000  0000000000000000 ( 302)                 .FILL x0000
(3185) 0020  0000000000100000 ( 303) ROW1            .FILL x0020
(3186) 0020  0000000000100000 ( 303)                 .FILL x0020
(3187) 0020  0000000000100000 ( 303)                 .FILL x0020
(3188) 0020  0000000000100000 ( 303)                 .FILL x0020
(3189) 0020  0000000000100000 ( 303)                 .FILL x0020
(318A) 0020  0000000000100000 ( 303)                 .FILL x0020
(318B) 0020  0000000000100000 ( 303)                 .FILL x0020
(318C) 0000  0000000000000000 ( 303)                 .FILL x0000
(318D) 002A  0000000000101010 ( 304) ROW2            .FILL x002A
(318E) 0020  0000000000100000 ( 304)                 .FILL x0020
(318F) 002A  0000000000101010 ( 304)                 .FILL x002A
(3190) 0020  0000000000100000 ( 304)                 .FILL x0020
(3191) 002A  0000000000101010 ( 304)                 .FILL x002A
(3192) 0020  0000000000100000 ( 304)                 .FILL x0020
(3193) 002A  0000000000101010 ( 304)                 .FILL x002A
(3194) 0000  0000000000000000 ( 304)                 .FILL x0000
(3195) 0020  0000000000100000 ( 305) ROW3            .FILL x0020
(3196) 0020  0000000000100000 ( 305)                 .FILL x0020
(3197) 0020  0000000000100000 ( 305)                 .FILL x0020
(3198) 0020  0000000000100000 ( 305)                 .FILL x0020
(3199) 0020  0000000000100000 ( 305)                 .FILL x0020
(319A) 0020  0000000000100000 ( 305)                 .FILL x0020
(319B) 0020  0000000000100000 ( 305)                 .FILL x0020
(319C) 0000  0000000000000000 ( 305)                 .FILL x0000
(319D) 002A  0000000000101010 ( 306) ROW4            .FILL x002A
(319E) 0020  0000000000100000 ( 306)                 .FILL x0020
(319F) 002A  0000000000101010 ( 306)                 .FILL x002A
(31A0) 0020  0000000000100000 ( 306)                 .FILL x0020
(31A1) 002A  0000000000101010 ( 306)                 .FILL x002A
(31A2) 0020  0000000000100000 ( 306)                 .FILL x0020
(31A3) 002A  0000000000101010 ( 306)                 .FILL x002A
(31A4) 0000  0000000000000000 ( 306)                 .FILL x0000
(31A5) 0020  0000000000100000 ( 307) ROW5            .FILL x0020
(31A6) 0020  0000000000100000 ( 307)                 .FILL x0020
(31A7) 0020  0000000000100000 ( 307)                 .FILL x0020
(31A8) 0020  0000000000100000 ( 307)                 .FILL x0020
(31A9) 0020  0000000000100000 ( 307)                 .FILL x0020
(31AA) 0020  0000000000100000 ( 307)                 .FILL x0020
(31AB) 0020  0000000000100000 ( 307)                 .FILL x0020
(31AC) 0000  0000000000000000 ( 307)                 .FILL x0000
(31AD) 002A  0000000000101010 ( 308) ROW6            .FILL x002A
(31AE) 0020  0000000000100000 ( 308)                 .FILL x0020
(31AF) 002A  0000000000101010 ( 308)                 .FILL x002A
(31B0) 0020  0000000000100000 ( 308)                 .FILL x0020
(31B1) 002A  0000000000101010 ( 308)                 .FILL x002A
(31B2) 0020  0000000000100000 ( 308)                 .FILL x0020
(31B3) 002A  0000000000101010 ( 308)                 .FILL x002A
(31B4) 0000  0000000000000000 ( 308)                 .FILL x0000
(31B5) 0001  0000000000000001 ( 313) CURRENT_PLAYER  .FILL x0001
(31B6) 0000  0000000000000000 ( 314) SCORE_PLAYER_ONE .FILL x0000
(31B7) 0000  0000000000000000 ( 315) SCORE_PLAYER_TWO .FILL x0000
(31B8) 3042  0011000001000010 ( 342) IS_GAME_OVER    ST    R0 ISR_R0
(31B9) 3242  0011001001000010 ( 343)                 ST    R1 ISR_R1
(31BA) 3E42  0011111001000010 ( 344)                 ST    R7 ISR_R7
(31BB) 56E0  0101011011100000 ( 345)                 AND   R3 R3 #0
(31BC) 16FF  0001011011111111 ( 346)                 ADD   R3 R3 #-1
(31BD) 21F8  0010000111111000 ( 347)                 LD    R0 SCORE_PLAYER_ONE
(31BE) 23F8  0010001111111000 ( 348)                 LD    R1 SCORE_PLAYER_TWO
(31BF) 1001  0001000000000001 ( 349)                 ADD   R0 R0 R1
(31C0) 1037  0001000000110111 ( 350)                 ADD   R0 R0 #-9
(31C1) 0A11  0000101000010001 ( 351)                 BRNP  ENDISR
(31C2) 16E1  0001011011100001 ( 352)                 ADD   R3 R3 #1
(31C3) E013  1110000000010011 ( 353)                 LEA   R0 PROMPT_ISR_ONE
(31C4) F022  1111000000100010 ( 354)                 TRAP  x22
(31C5) 21F0  0010000111110000 ( 355)                 LD    R0 SCORE_PLAYER_ONE
(31C6) 927F  1001001001111111 ( 356)                 NOT   R1 R1
(31C7) 1261  0001001001100001 ( 357)                 ADD   R1 R1 #1
(31C8) 1001  0001000000000001 ( 358)                 ADD   R0 R0 R1
(31C9) 0805  0000100000000101 ( 359)                 BRN   WINTWO
(31CA) 202E  0010000000101110 ( 360)                 LD    R0 PROMPT_ONE
(31CB) F021  1111000000100001 ( 361)                 TRAP  x21
(31CC) E01B  1110000000011011 ( 362)                 LEA   R0 PROMPT_ISR_TWO
(31CD) F022  1111000000100010 ( 363)                 TRAP  x22
(31CE) 0E04  0000111000000100 ( 364)                 BRNZP ENDISR
(31CF) 202A  0010000000101010 ( 365) WINTWO          LD    R0 PROMPT_TWO
(31D0) F021  1111000000100001 ( 366)                 TRAP  x21
(31D1) E016  1110000000010110 ( 367)                 LEA   R0 PROMPT_ISR_TWO
(31D2) F022  1111000000100010 ( 368)                 TRAP  x22
(31D3) 2027  0010000000100111 ( 369) ENDISR          LD    R0 ISR_R0
(31D4) 2227  0010001000100111 ( 370)                 LD    R1 ISR_R1
(31D5) 2E27  0010111000100111 ( 371)                 LD    R7 ISR_R7
(31D6) C1C0  1100000111000000 ( 372)                 RET   
(31D7) 0047  0000000001000111 ( 375) PROMPT_ISR_ONE  .FILL x0047
(31D8) 0061  0000000001100001 ( 375)                 .FILL x0061
(31D9) 006D  0000000001101101 ( 375)                 .FILL x006D
(31DA) 0065  0000000001100101 ( 375)                 .FILL x0065
(31DB) 0020  0000000000100000 ( 375)                 .FILL x0020
(31DC) 006F  0000000001101111 ( 375)                 .FILL x006F
(31DD) 0076  0000000001110110 ( 375)                 .FILL x0076
(31DE) 0065  0000000001100101 ( 375)                 .FILL x0065
(31DF) 0072  0000000001110010 ( 375)                 .FILL x0072
(31E0) 002E  0000000000101110 ( 375)                 .FILL x002E
(31E1) 0050  0000000001010000 ( 375)                 .FILL x0050
(31E2) 006C  0000000001101100 ( 375)                 .FILL x006C
(31E3) 0061  0000000001100001 ( 375)                 .FILL x0061
(31E4) 0079  0000000001111001 ( 375)                 .FILL x0079
(31E5) 0020  0000000000100000 ( 375)                 .FILL x0020
(31E6) 0000  0000000000000000 ( 375)                 .FILL x0000
(31E7) 0000  0000000000000000 ( 377) PROMPT_WINNER   .FILL x0000
(31E8) 0020  0000000000100000 ( 377) PROMPT_ISR_TWO  .FILL x0020
(31E9) 0069  0000000001101001 ( 377)                 .FILL x0069
(31EA) 0073  0000000001110011 ( 377)                 .FILL x0073
(31EB) 0020  0000000000100000 ( 377)                 .FILL x0020
(31EC) 0074  0000000001110100 ( 377)                 .FILL x0074
(31ED) 0068  0000000001101000 ( 377)                 .FILL x0068
(31EE) 0065  0000000001100101 ( 377)                 .FILL x0065
(31EF) 0020  0000000000100000 ( 377)                 .FILL x0020
(31F0) 0077  0000000001110111 ( 377)                 .FILL x0077
(31F1) 0069  0000000001101001 ( 377)                 .FILL x0069
(31F2) 006E  0000000001101110 ( 377)                 .FILL x006E
(31F3) 006E  0000000001101110 ( 377)                 .FILL x006E
(31F4) 0065  0000000001100101 ( 377)                 .FILL x0065
(31F5) 0072  0000000001110010 ( 377)                 .FILL x0072
(31F6) 0021  0000000000100001 ( 377)                 .FILL x0021
(31F7) 000A  0000000000001010 ( 377)                 .FILL x000A
(31F8) 0000  0000000000000000 ( 377)                 .FILL x0000
(31F9) 0031  0000000000110001 ( 378) PROMPT_ONE      .FILL x0031
(31FA) 0032  0000000000110010 ( 379) PROMPT_TWO      .FILL x0032
(31FB) 0000  0000000000000000 ( 381) ISR_R0          .FILL x0000
(31FC) 0000  0000000000000000 ( 382) ISR_R1          .FILL x0000
(31FD) 0000  0000000000000000 ( 389) ISR_R7          .FILL x0000
(31FE) 3038  0011000000111000 ( 392) DISPLAY_PROMPT  ST    R0 DP_R0
(31FF) 3238  0011001000111000 ( 393)                 ST    R1 DP_R1
(3200) 3E38  0011111000111000 ( 394)                 ST    R7 DP_R7
(3201) E00B  1110000000001011 ( 395)                 LEA   R0 DP_PR_ONE
(3202) F022  1111000000100010 ( 396)                 TRAP  x22
(3203) 21B1  0010000110110001 ( 397)                 LD    R0 CURRENT_PLAYER
(3204) 2231  0010001000110001 ( 398)                 LD    R1 DP_ZERO
(3205) 1001  0001000000000001 ( 399)                 ADD   R0 R0 R1
(3206) F021  1111000000100001 ( 400)                 TRAP  x21
(3207) E00D  1110000000001101 ( 401)                 LEA   R0 DP_PR_TWO
(3208) F022  1111000000100010 ( 402)                 TRAP  x22
(3209) 202D  0010000000101101 ( 403)                 LD    R0 DP_R0
(320A) 222D  0010001000101101 ( 404)                 LD    R1 DP_R1
(320B) 2E2D  0010111000101101 ( 405)                 LD    R7 DP_R7
(320C) C1C0  1100000111000000 ( 406)                 RET   
(320D) 0050  0000000001010000 ( 409) DP_PR_ONE       .FILL x0050
(320E) 006C  0000000001101100 ( 409)                 .FILL x006C
(320F) 0061  0000000001100001 ( 409)                 .FILL x0061
(3210) 0079  0000000001111001 ( 409)                 .FILL x0079
(3211) 0065  0000000001100101 ( 409)                 .FILL x0065
(3212) 0072  0000000001110010 ( 409)                 .FILL x0072
(3213) 0020  0000000000100000 ( 409)                 .FILL x0020
(3214) 0000  0000000000000000 ( 409)                 .FILL x0000
(3215) 002C  0000000000101100 ( 410) DP_PR_TWO       .FILL x002C
(3216) 0020  0000000000100000 ( 410)                 .FILL x0020
(3217) 0069  0000000001101001 ( 410)                 .FILL x0069
(3218) 006E  0000000001101110 ( 410)                 .FILL x006E
(3219) 0070  0000000001110000 ( 410)                 .FILL x0070
(321A) 0075  0000000001110101 ( 410)                 .FILL x0075
(321B) 0074  0000000001110100 ( 410)                 .FILL x0074
(321C) 0020  0000000000100000 ( 410)                 .FILL x0020
(321D) 0061  0000000001100001 ( 410)                 .FILL x0061
(321E) 0020  0000000000100000 ( 410)                 .FILL x0020
(321F) 006D  0000000001101101 ( 410)                 .FILL x006D
(3220) 006F  0000000001101111 ( 410)                 .FILL x006F
(3221) 0076  0000000001110110 ( 410)                 .FILL x0076
(3222) 0065  0000000001100101 ( 410)                 .FILL x0065
(3223) 0020  0000000000100000 ( 410)                 .FILL x0020
(3224) 0028  0000000000101000 ( 410)                 .FILL x0028
(3225) 006F  0000000001101111 ( 410)                 .FILL x006F
(3226) 0072  0000000001110010 ( 410)                 .FILL x0072
(3227) 0020  0000000000100000 ( 410)                 .FILL x0020
(3228) 0027  0000000000100111 ( 410)                 .FILL x0027
(3229) 0051  0000000001010001 ( 410)                 .FILL x0051
(322A) 0027  0000000000100111 ( 410)                 .FILL x0027
(322B) 0020  0000000000100000 ( 410)                 .FILL x0020
(322C) 0074  0000000001110100 ( 410)                 .FILL x0074
(322D) 006F  0000000001101111 ( 410)                 .FILL x006F
(322E) 0020  0000000000100000 ( 410)                 .FILL x0020
(322F) 0071  0000000001110001 ( 410)                 .FILL x0071
(3230) 0075  0000000001110101 ( 410)                 .FILL x0075
(3231) 0069  0000000001101001 ( 410)                 .FILL x0069
(3232) 0074  0000000001110100 ( 410)                 .FILL x0074
(3233) 0029  0000000000101001 ( 410)                 .FILL x0029
(3234) 003A  0000000000111010 ( 410)                 .FILL x003A
(3235) 0000  0000000000000000 ( 410)                 .FILL x0000
(3236) 0030  0000000000110000 ( 411) DP_ZERO         .FILL x0030
(3237) 0000  0000000000000000 ( 413) DP_R0           .FILL x0000
(3238) 0000  0000000000000000 ( 414) DP_R1           .FILL x0000
(3239) 0000  0000000000000000 ( 422) DP_R7           .FILL x0000
(323A) 3212  0011001000010010 ( 425) UPDATE_STATE    ST    R1 US_R1
(323B) 2379  0010001101111001 ( 426)                 LD    R1 CURRENT_PLAYER
(323C) 1020  0001000000100000 ( 427)                 ADD   R0 R0 #0
(323D) 0A04  0000101000000100 ( 428)                 BRNP  CAL
(323E) 927F  1001001001111111 ( 429)                 NOT   R1 R1
(323F) 1264  0001001001100100 ( 430)                 ADD   R1 R1 #4
(3240) 3374  0011001101110100 ( 431)                 ST    R1 CURRENT_PLAYER
(3241) 0E09  0000111000001001 ( 432)                 BRNZP US_END
(3242) 127F  0001001001111111 ( 433) CAL             ADD   R1 R1 #-1
(3243) 0204  0000001000000100 ( 434)                 BRP   CALTWO
(3244) 2371  0010001101110001 ( 435)                 LD    R1 SCORE_PLAYER_ONE
(3245) 1201  0001001000000001 ( 436)                 ADD   R1 R0 R1
(3246) 336F  0011001101101111 ( 437)                 ST    R1 SCORE_PLAYER_ONE
(3247) 0E03  0000111000000011 ( 438)                 BRNZP US_END
(3248) 236E  0010001101101110 ( 439) CALTWO          LD    R1 SCORE_PLAYER_TWO
(3249) 1201  0001001000000001 ( 440)                 ADD   R1 R0 R1
(324A) 336C  0011001101101100 ( 441)                 ST    R1 SCORE_PLAYER_TWO
(324B) 2201  0010001000000001 ( 442) US_END          LD    R1 US_R1
(324C) C1C0  1100000111000000 ( 443)                 RET   
(324D) 0000  0000000000000000 ( 456) US_R1           .FILL x0000
(324E) 3009  0011000000001001 ( 459) GET_ADDRESS     ST    R0 GA_R0
(324F) E72D  1110011100101101 ( 460)                 LEA   R3 ROW0
(3250) 1020  0001000000100000 ( 461)                 ADD   R0 R0 #0
(3251) 0403  0000010000000011 ( 462) GA_LOOP         BRZ   GA_ELOOP
(3252) 16E8  0001011011101000 ( 463)                 ADD   R3 R3 #8
(3253) 103F  0001000000111111 ( 464)                 ADD   R0 R0 #-1
(3254) 0FFC  0000111111111100 ( 465)                 BRNZP GA_LOOP
(3255) 16C1  0001011011000001 ( 466) GA_ELOOP        ADD   R3 R3 R1
(3256) 2001  0010000000000001 ( 467)                 LD    R0 GA_R0
(3257) C1C0  1100000111000000 ( 468)                 RET   
(3258) 0000  0000000000000000 ( 472) GA_R0           .FILL x0000
(3259) 0000  0000000000000000 ( 482) GA_R4           .FILL x0000
(325A) 360E  0011011000001110 ( 484) FILL_BOX        ST    R3 FB_R3
(325B) 380E  0011100000001110 ( 485)                 ST    R4 FB_R4
(325C) 3A0E  0011101000001110 ( 486)                 ST    R5 FB_R5
(325D) 3E0E  0011111000001110 ( 487)                 ST    R7 FB_R7
(325E) 2956  0010100101010110 ( 488)                 LD    R4 CURRENT_PLAYER
(325F) 2A08  0010101000001000 ( 489)                 LD    R5 FB_ZERO
(3260) 4FED  0100111111101101 ( 490)                 JSR   GET_ADDRESS
(3261) 1905  0001100100000101 ( 491)                 ADD   R4 R4 R5
(3262) 78C0  0111100011000000 ( 492)                 STR   R4 R3 #0
(3263) 2605  0010011000000101 ( 493)                 LD    R3 FB_R3
(3264) 2805  0010100000000101 ( 494)                 LD    R4 FB_R4
(3265) 2A05  0010101000000101 ( 495)                 LD    R5 FB_R5
(3266) 2E05  0010111000000101 ( 496)                 LD    R7 FB_R7
(3267) C1C0  1100000111000000 ( 497)                 RET   
(3268) 0030  0000000000110000 ( 500) FB_ZERO         .FILL x0030
(3269) 0000  0000000000000000 ( 502) FB_R3           .FILL x0000
(326A) 0000  0000000000000000 ( 503) FB_R4           .FILL x0000
(326B) 0000  0000000000000000 ( 504) FB_R5           .FILL x0000
(326C) 0000  0000000000000000 ( 512) FB_R7           .FILL x0000
(326D) 3415  0011010000010101 ( 515) APPLY_MOVE      ST    R2 AM_R2
(326E) 3615  0011011000010101 ( 516)                 ST    R3 AM_R3
(326F) 3E15  0011111000010101 ( 517)                 ST    R7 AM_R7
(3270) 147F  0001010001111111 ( 518)                 ADD   R2 R1 #-1
(3271) 0408  0000010000001000 ( 519)                 BRZ   HYP
(3272) 147D  0001010001111101 ( 520)                 ADD   R2 R1 #-3
(3273) 0406  0000010000000110 ( 521)                 BRZ   HYP
(3274) 147B  0001010001111011 ( 522)                 ADD   R2 R1 #-5
(3275) 0404  0000010000000100 ( 523)                 BRZ   HYP
(3276) 240A  0010010000001010 ( 524)                 LD    R2 pipe
(3277) 4FD6  0100111111010110 ( 525)                 JSR   GET_ADDRESS
(3278) 74C0  0111010011000000 ( 526)                 STR   R2 R3 #0
(3279) 0E03  0000111000000011 ( 527)                 BRNZP ENDAM
(327A) 2407  0010010000000111 ( 528) HYP             LD    R2 hyphen
(327B) 4FD2  0100111111010010 ( 529)                 JSR   GET_ADDRESS
(327C) 74C0  0111010011000000 ( 530)                 STR   R2 R3 #0
(327D) 2405  0010010000000101 ( 531) ENDAM           LD    R2 AM_R2
(327E) 2605  0010011000000101 ( 532)                 LD    R3 AM_R3
(327F) 2E05  0010111000000101 ( 533)                 LD    R7 AM_R7
(3280) C1C0  1100000111000000 ( 534)                 RET   
(3281) 007C  0000000001111100 ( 537) pipe            .FILL x007C
(3282) 002D  0000000000101101 ( 538) hyphen          .FILL x002D
(3283) 0000  0000000000000000 ( 540) AM_R2           .FILL x0000
(3284) 0000  0000000000000000 ( 541) AM_R3           .FILL x0000
(3285) 0000  0000000000000000 ( 551) AM_R7           .FILL x0000
(3286) 3810  0011100000010000 ( 554) IS_OCCUPIED     ST    R4 IO_R4
(3287) 3A10  0011101000010000 ( 555)                 ST    R5 IO_R5
(3288) 3E10  0011111000010000 ( 556)                 ST    R7 IO_R7
(3289) 4FC4  0100111111000100 ( 557)                 JSR   GET_ADDRESS
(328A) 68C0  0110100011000000 ( 558)                 LDR   R4 R3 #0
(328B) 2A0A  0010101000001010 ( 559)                 LD    R5 IO_NEG
(328C) 1905  0001100100000101 ( 560)                 ADD   R4 R4 R5
(328D) 0403  0000010000000011 ( 561)                 BRZ   SKIPIO
(328E) 56E0  0101011011100000 ( 562)                 AND   R3 R3 #0
(328F) 16FF  0001011011111111 ( 563)                 ADD   R3 R3 #-1
(3290) 0E01  0000111000000001 ( 564)                 BRNZP ENDIO
(3291) 56E0  0101011011100000 ( 565) SKIPIO          AND   R3 R3 #0
(3292) 2804  0010100000000100 ( 566) ENDIO           LD    R4 IO_R4
(3293) 2A04  0010101000000100 ( 567)                 LD    R5 IO_R5
(3294) 2E04  0010111000000100 ( 568)                 LD    R7 IO_R7
(3295) C1C0  1100000111000000 ( 569)                 RET   
(3296) FFE0  1111111111100000 ( 572) IO_NEG          .FILL xFFE0
(3297) 0000  0000000000000000 ( 574) IO_R4           .FILL x0000
(3298) 0000  0000000000000000 ( 575) IO_R5           .FILL x0000
(3299) 0000  0000000000000000 ( 584) IO_R7           .FILL x0000
(329A) 3406  0011010000000110 ( 587) TRANSLATE_MOVE  ST    R2 TM_R2
(329B) 2406  0010010000000110 ( 588)                 LD    R2 TM_NEG0
(329C) 1002  0001000000000010 ( 589)                 ADD   R0 R0 R2
(329D) 2405  0010010000000101 ( 590)                 LD    R2 TM_NEGA
(329E) 1242  0001001001000010 ( 591)                 ADD   R1 R1 R2
(329F) 2401  0010010000000001 ( 592)                 LD    R2 TM_R2
(32A0) C1C0  1100000111000000 ( 593)                 RET   
(32A1) 0000  0000000000000000 ( 598) TM_R2           .FILL x0000
(32A2) FFD0  1111111111010000 ( 598) TM_NEG0         .FILL xFFD0
(32A3) FFBF  1111111110111111 ( 599) TM_NEGA         .FILL xFFBF
(32A4) 3027  0011000000100111 ( 611) IS_INPUT_VALID  ST    R0 IIV_R0
(32A5) 3227  0011001000100111 ( 612)                 ST    R1 IIV_R1
(32A6) 3427  0011010000100111 ( 613)                 ST    R2 IIV_R2
(32A7) 3E27  0011111000100111 ( 614)                 ST    R7 IIV_R7
(32A8) 2427  0010010000100111 ( 615)                 LD    R2 IIV_NEG0
(32A9) 1480  0001010010000000 ( 616)                 ADD   R2 R2 R0
(32AA) 081A  0000100000011010 ( 617)                 BRN   FAIL
(32AB) 2425  0010010000100101 ( 618)                 LD    R2 IIV_NEG6
(32AC) 1480  0001010010000000 ( 619)                 ADD   R2 R2 R0
(32AD) 0217  0000001000010111 ( 620)                 BRP   FAIL
(32AE) 2423  0010010000100011 ( 621)                 LD    R2 IIV_NEGA
(32AF) 1481  0001010010000001 ( 622)                 ADD   R2 R2 R1
(32B0) 0814  0000100000010100 ( 623)                 BRN   FAIL
(32B1) 2421  0010010000100001 ( 624)                 LD    R2 IIV_NEGG
(32B2) 1481  0001010010000001 ( 625)                 ADD   R2 R2 R1
(32B3) 0211  0000001000010001 ( 626)                 BRP   FAIL
(32B4) 4FE5  0100111111100101 ( 627)                 JSR   TRANSLATE_MOVE
(32B5) 4F98  0100111110011000 ( 628)                 JSR   GET_ADDRESS
(32B6) 64C0  0110010011000000 ( 629)                 LDR   R2 R3 #0
(32B7) 261C  0010011000011100 ( 630)                 LD    R3 IIV_NEGX
(32B8) 1483  0001010010000011 ( 631)                 ADD   R2 R2 R3
(32B9) 040B  0000010000001011 ( 632)                 BRZ   FAIL
(32BA) 103E  0001000000111110 ( 633) L1              ADD   R0 R0 #-2
(32BB) 07FE  0000011111111110 ( 634)                 BRZP  L1
(32BC) 127E  0001001001111110 ( 635) L2              ADD   R1 R1 #-2
(32BD) 07FE  0000011111111110 ( 636)                 BRZP  L2
(32BE) 1021  0001000000100001 ( 637)                 ADD   R0 R0 #1
(32BF) 0803  0000100000000011 ( 638)                 BRN   SUC
(32C0) 1261  0001001001100001 ( 639)                 ADD   R1 R1 #1
(32C1) 0801  0000100000000001 ( 640)                 BRN   SUC
(32C2) 0E02  0000111000000010 ( 641)                 BRNZP FAIL
(32C3) 56E0  0101011011100000 ( 642) SUC             AND   R3 R3 #0
(32C4) 0E02  0000111000000010 ( 643)                 BRNZP ENDIIV
(32C5) 56E0  0101011011100000 ( 644) FAIL            AND   R3 R3 #0
(32C6) 16FF  0001011011111111 ( 645)                 ADD   R3 R3 #-1
(32C7) 2004  0010000000000100 ( 646) ENDIIV          LD    R0 IIV_R0
(32C8) 2204  0010001000000100 ( 647)                 LD    R1 IIV_R1
(32C9) 2404  0010010000000100 ( 648)                 LD    R2 IIV_R2
(32CA) 2E04  0010111000000100 ( 649)                 LD    R7 IIV_R7
(32CB) C1C0  1100000111000000 ( 650)                 RET   
(32CC) 0000  0000000000000000 ( 654) IIV_R0          .FILL x0000
(32CD) 0000  0000000000000000 ( 655) IIV_R1          .FILL x0000
(32CE) 0000  0000000000000000 ( 656) IIV_R2          .FILL x0000
(32CF) 0000  0000000000000000 ( 657) IIV_R7          .FILL x0000
(32D0) FFD0  1111111111010000 ( 657) IIV_NEG0        .FILL xFFD0
(32D1) FFCA  1111111111001010 ( 658) IIV_NEG6        .FILL xFFCA
(32D2) FFBF  1111111110111111 ( 659) IIV_NEGA        .FILL xFFBF
(32D3) FFB9  1111111110111001 ( 660) IIV_NEGG        .FILL xFFB9
(32D4) FFD6  1111111111010110 ( 661) IIV_NEGX        .FILL xFFD6
